<!DOCTYPE html PUBLIC "-//W3C//DTD XHTML 1.1//EN" "https://www.w3.org/TR/xhtml11/DTD/xhtml11.dtd">
<html xmlns="https://www.w3.org/1999/xhtml">
<head>
<meta http-equiv="content-type" content="text/html; charset=UTF-8"/>
<title>TestNG Report</title>
<style type="text/css">table {margin-bottom:10px;border-collapse:collapse;empty-cells:show}th,td {border:1px solid #009;padding:.25em .5em}th {vertical-align:bottom}td {vertical-align:top}table a {font-weight:bold}.stripe td {background-color: #E6EBF9}.num {text-align:right}.passedodd td {background-color: #3F3}.passedeven td {background-color: #0A0}.skippedodd td {background-color: #DDD}.skippedeven td {background-color: #CCC}.failedodd td,.attn {background-color: #F33}.failedeven td,.stripe .attn {background-color: #D00}.stacktrace {white-space:pre;font-family:monospace}.totop {font-size:85%;text-align:center;border-bottom:2px solid #000}.invisible {display:none}</style>
</head>
<body>
<table>
<tr><th>Test</th><th># Passed</th><th># Skipped</th><th># Retried</th><th># Failed</th><th>Time (ms)</th><th>Included Groups</th><th>Excluded Groups</th></tr>
<tr><th colspan="8">Suite</th></tr>
<tr><td><a href="#t0">Test</a></td><td class="num">2</td><td class="num attn">1</td><td class="num">0</td><td class="num attn">2</td><td class="num">237,099</td><td></td><td></td></tr>
</table>
<table id='summary'><thead><tr><th>Class</th><th>Method</th><th>Start</th><th>Time (ms)</th></tr></thead><tbody><tr><th colspan="4">Suite</th></tr></tbody><tbody id="t0"><tr><th colspan="4">Test &#8212; failed</th></tr><tr class="failedeven"><td rowspan="1">Appium.Assignment.AddProductToCart</td><td><a href="#m0">AddProductToCartTest</a></td><td rowspan="1">1600597639343</td><td rowspan="1">78031</td></tr><tr class="failedodd"><td rowspan="1">Appium.Assignment.SignOut</td><td><a href="#m1">SignOutTest</a></td><td rowspan="1">1600597774133</td><td rowspan="1">30295</td></tr><tr><th colspan="4">Test &#8212; skipped</th></tr><tr class="skippedeven"><td rowspan="1">Appium.Assignment.AddProductToCart</td><td><a href="#m2">ValidateProductDetailsTest</a></td><td rowspan="1">1600597720823</td><td rowspan="1">0</td></tr><tr><th colspan="4">Test &#8212; passed</th></tr><tr class="passedeven"><td rowspan="2">Appium.Assignment.AddProductToCart</td><td><a href="#m3">SearchProductTest</a></td><td rowspan="1">1600597604645</td><td rowspan="1">19757</td></tr><tr class="passedeven"><td><a href="#m4">SelectRandomProductTest</a></td><td rowspan="1">1600597624435</td><td rowspan="1">14889</td></tr></tbody>
</table>
<h2>Test</h2><h3 id="m0">Appium.Assignment.AddProductToCart#AddProductToCartTest</h3><table class="result"><tr><th>Messages</th></tr><tr><td><div class="messages">AddProductToCartTest has started<br/>AddProductToCartTest has FAILED</div></td></tr><tr><th>Exception</th></tr><tr><td><div class="stacktrace">java.lang.AssertionError: null
	at Appium.Assignment.AddProductToCart.AddProductToCartTest(AddProductToCart.java:124)
	at java.util.ArrayList.forEach(ArrayList.java:1259)
... Removed 29 stack frames</div></td></tr></table><p class="totop"><a href="#summary">back to summary</a></p>
<h3 id="m1">Appium.Assignment.SignOut#SignOutTest</h3><table class="result"><tr><th>Messages</th></tr><tr><td><div class="messages">SignOutTest has started<br/>SignOutTest has FAILED</div></td></tr><tr><th>Exception</th></tr><tr><td><div class="stacktrace">org.openqa.selenium.NoSuchElementException: Can&apos;t locate an element by this strategy: By.chained({By.id: in.amazon.mShop.android.shopping:id/chrome_action_bar_burger_icon})
	at io.appium.java_client.pagefactory.AppiumElementLocator.findElement(AppiumElementLocator.java:126)
	at io.appium.java_client.pagefactory.interceptors.InterceptorOfASingleElement.intercept(InterceptorOfASingleElement.java:59)
	at io.appium.java_client.android.AndroidElement$$EnhancerByCGLIB$$b598166c.click(&lt;generated&gt;)
	at Appium.Assignment.SignOut.SignOutTest(SignOut.java:43)
	at java.util.ArrayList.forEach(ArrayList.java:1259)
Caused by: org.openqa.selenium.TimeoutException: Expected condition failed: waiting for io.appium.java_client.pagefactory.AppiumElementLocator$WaitingFunction@19fb8826 (tried for 1 second(s) with 500 milliseconds interval)
	at org.openqa.selenium.support.ui.FluentWait.timeoutException(FluentWait.java:304)
	at org.openqa.selenium.support.ui.FluentWait.until(FluentWait.java:272)
	at io.appium.java_client.pagefactory.AppiumElementLocator.waitFor(AppiumElementLocator.java:99)
	at io.appium.java_client.pagefactory.AppiumElementLocator.findElement(AppiumElementLocator.java:119)
	... 31 more
Caused by: org.openqa.selenium.NoSuchElementException: Cannot locate an element using By.chained({By.id: in.amazon.mShop.android.shopping:id/chrome_action_bar_burger_icon})
For documentation on this error, please visit: https://www.seleniumhq.org/exceptions/no_such_element.html
Build info: version: &apos;3.141.59&apos;, revision: &apos;e82be7d358&apos;, time: &apos;2018-11-14T08:17:03&apos;
System info: host: &apos;DESKTOP-7PFC2E7&apos;, ip: &apos;192.168.1.103&apos;, os.name: &apos;Windows 10&apos;, os.arch: &apos;amd64&apos;, os.version: &apos;10.0&apos;, java.version: &apos;1.8.0_261&apos;
Driver info: driver.version: AndroidDriver
	at io.appium.java_client.pagefactory.bys.builder.ByChained.findElement(ByChained.java:74)
	at org.openqa.selenium.remote.RemoteWebDriver.findElement(RemoteWebDriver.java:315)
	at io.appium.java_client.DefaultGenericMobileDriver.findElement(DefaultGenericMobileDriver.java:57)
	at io.appium.java_client.AppiumDriver.findElement(AppiumDriver.java:1)
	at io.appium.java_client.android.AndroidDriver.findElement(AndroidDriver.java:1)
	at io.appium.java_client.pagefactory.bys.ContentMappedBy.findElement(ContentMappedBy.java:50)
	at org.openqa.selenium.remote.RemoteWebDriver.findElement(RemoteWebDriver.java:315)
	at io.appium.java_client.DefaultGenericMobileDriver.findElement(DefaultGenericMobileDriver.java:57)
	at io.appium.java_client.AppiumDriver.findElement(AppiumDriver.java:1)
	at io.appium.java_client.android.AndroidDriver.findElement(AndroidDriver.java:1)
	at io.appium.java_client.pagefactory.AppiumElementLocator.lambda$0(AppiumElementLocator.java:120)
	at io.appium.java_client.pagefactory.AppiumElementLocator$WaitingFunction.apply(AppiumElementLocator.java:172)
	at io.appium.java_client.pagefactory.AppiumElementLocator$WaitingFunction.apply(AppiumElementLocator.java:1)
	at org.openqa.selenium.support.ui.FluentWait.until(FluentWait.java:249)
	... 33 more
... Removed 27 stack frames</div></td></tr></table><p class="totop"><a href="#summary">back to summary</a></p>
<h3 id="m2">Appium.Assignment.AddProductToCart#ValidateProductDetailsTest</h3><table class="result"><tr><th>Messages</th></tr><tr><td><div class="messages">ValidateProductDetailsTest has been SKIPPED</div></td></tr><tr><th>Exception</th></tr><tr><td><div class="stacktrace">java.lang.Throwable: Method AddProductToCart.ValidateProductDetailsTest()[pri:0, instance:Appium.Assignment.AddProductToCart@74a10858] depends on not successfully finished methods
	at java.util.ArrayList.forEach(ArrayList.java:1259)
... Removed 18 stack frames</div></td></tr></table><p class="totop"><a href="#summary">back to summary</a></p>
<h3 id="m3">Appium.Assignment.AddProductToCart#SearchProductTest</h3><table class="result"><tr><th>Messages</th></tr><tr><td><div class="messages">SearchProductTest has started<br/>Inside SearchProductTest<br/>SearchProductTest has PASSED</div></td></tr></table><p class="totop"><a href="#summary">back to summary</a></p>
<h3 id="m4">Appium.Assignment.AddProductToCart#SelectRandomProductTest</h3><table class="result"><tr><th>Messages</th></tr><tr><td><div class="messages">SelectRandomProductTest has started<br/>product name is Mi TV 4X 163.9 cm (65 Inches) 4K Ultra HD Android LED TV (Black)<br/>product price is 64999<br/>Clicked on a random product<br/>SelectRandomProductTest has PASSED</div></td></tr></table><p class="totop"><a href="#summary">back to summary</a></p>
</body>
</html>
