<?xml version="1.0" encoding="UTF-8"?>
<testng-results skipped="1" failed="2" ignored="0" total="5" passed="2">
  <reporter-output>
    <line>
      <![CDATA[SearchProductTest has started]]>
    </line>
    <line>
      <![CDATA[Inside SearchProductTest]]>
    </line>
    <line>
      <![CDATA[SearchProductTest has PASSED]]>
    </line>
    <line>
      <![CDATA[SelectRandomProductTest has started]]>
    </line>
    <line>
      <![CDATA[product name is Mi TV 4X 163.9 cm (65 Inches) 4K Ultra HD Android LED TV (Black)]]>
    </line>
    <line>
      <![CDATA[product price is 64999]]>
    </line>
    <line>
      <![CDATA[Clicked on a random product]]>
    </line>
    <line>
      <![CDATA[SelectRandomProductTest has PASSED]]>
    </line>
    <line>
      <![CDATA[AddProductToCartTest has started]]>
    </line>
    <line>
      <![CDATA[AddProductToCartTest has FAILED]]>
    </line>
    <line>
      <![CDATA[ValidateProductDetailsTest has started]]>
    </line>
    <line>
      <![CDATA[ValidateProductDetailsTest has been SKIPPED]]>
    </line>
    <line>
      <![CDATA[SignOutTest has started]]>
    </line>
    <line>
      <![CDATA[SignOutTest has FAILED]]>
    </line>
  </reporter-output>
  <suite name="Suite" duration-ms="237099" started-at="2020-09-20T15:56:13 IST" finished-at="2020-09-20T16:00:11 IST">
    <groups>
    </groups>
    <test name="Test" duration-ms="237099" started-at="2020-09-20T15:56:13 IST" finished-at="2020-09-20T16:00:11 IST">
      <class name="Appium.Assignment.AddProductToCart">
        <test-method status="PASS" signature="DriverInitializer()[pri:0, instance:Appium.Assignment.AddProductToCart@74a10858]" name="DriverInitializer" is-config="true" duration-ms="30626" started-at="2020-09-20T15:56:13 IST" finished-at="2020-09-20T15:56:44 IST">
          <reporter-output>
          </reporter-output>
        </test-method> <!-- DriverInitializer -->
        <test-method status="PASS" signature="SearchProductTest()[pri:0, instance:Appium.Assignment.AddProductToCart@74a10858]" name="SearchProductTest" duration-ms="19757" started-at="2020-09-20T15:56:44 IST" finished-at="2020-09-20T15:57:04 IST">
          <reporter-output>
            <line>
              <![CDATA[SearchProductTest has started]]>
            </line>
            <line>
              <![CDATA[Inside SearchProductTest]]>
            </line>
            <line>
              <![CDATA[SearchProductTest has PASSED]]>
            </line>
          </reporter-output>
        </test-method> <!-- SearchProductTest -->
        <test-method status="PASS" signature="SelectRandomProductTest()[pri:0, instance:Appium.Assignment.AddProductToCart@74a10858]" name="SelectRandomProductTest" duration-ms="14889" started-at="2020-09-20T15:57:04 IST" finished-at="2020-09-20T15:57:19 IST">
          <reporter-output>
            <line>
              <![CDATA[SelectRandomProductTest has started]]>
            </line>
            <line>
              <![CDATA[product name is Mi TV 4X 163.9 cm (65 Inches) 4K Ultra HD Android LED TV (Black)]]>
            </line>
            <line>
              <![CDATA[product price is 64999]]>
            </line>
            <line>
              <![CDATA[Clicked on a random product]]>
            </line>
            <line>
              <![CDATA[SelectRandomProductTest has PASSED]]>
            </line>
          </reporter-output>
        </test-method> <!-- SelectRandomProductTest -->
        <test-method status="FAIL" signature="AddProductToCartTest()[pri:0, instance:Appium.Assignment.AddProductToCart@74a10858]" name="AddProductToCartTest" duration-ms="78031" started-at="2020-09-20T15:57:19 IST" depends-on-methods="Appium.Assignment.AddProductToCart.SelectRandomProductTest" finished-at="2020-09-20T15:58:37 IST">
          <exception class="java.lang.AssertionError">
            <message>
              <![CDATA[null]]>
            </message>
            <full-stacktrace>
              <![CDATA[java.lang.AssertionError: null
at org.testng.Assert.fail(Assert.java:99)
at org.testng.Assert.fail(Assert.java:106)
at Appium.Assignment.AddProductToCart.AddProductToCartTest(AddProductToCart.java:124)
at sun.reflect.NativeMethodAccessorImpl.invoke0(Native Method)
at sun.reflect.NativeMethodAccessorImpl.invoke(NativeMethodAccessorImpl.java:62)
at sun.reflect.DelegatingMethodAccessorImpl.invoke(DelegatingMethodAccessorImpl.java:43)
at java.lang.reflect.Method.invoke(Method.java:498)
at org.testng.internal.MethodInvocationHelper.invokeMethod(MethodInvocationHelper.java:132)
at org.testng.internal.TestInvoker.invokeMethod(TestInvoker.java:599)
at org.testng.internal.TestInvoker.invokeTestMethod(TestInvoker.java:174)
at org.testng.internal.MethodRunner.runInSequence(MethodRunner.java:46)
at org.testng.internal.TestInvoker$MethodInvocationAgent.invoke(TestInvoker.java:822)
at org.testng.internal.TestInvoker.invokeTestMethods(TestInvoker.java:147)
at org.testng.internal.TestMethodWorker.invokeTestMethods(TestMethodWorker.java:146)
at org.testng.internal.TestMethodWorker.run(TestMethodWorker.java:128)
at java.util.ArrayList.forEach(ArrayList.java:1259)
at org.testng.TestRunner.privateRun(TestRunner.java:764)
at org.testng.TestRunner.run(TestRunner.java:585)
at org.testng.SuiteRunner.runTest(SuiteRunner.java:384)
at org.testng.SuiteRunner.runSequentially(SuiteRunner.java:378)
at org.testng.SuiteRunner.privateRun(SuiteRunner.java:337)
at org.testng.SuiteRunner.run(SuiteRunner.java:286)
at org.testng.SuiteRunnerWorker.runSuite(SuiteRunnerWorker.java:53)
at org.testng.SuiteRunnerWorker.run(SuiteRunnerWorker.java:96)
at org.testng.TestNG.runSuitesSequentially(TestNG.java:1218)
at org.testng.TestNG.runSuitesLocally(TestNG.java:1140)
at org.testng.TestNG.runSuites(TestNG.java:1069)
at org.testng.TestNG.run(TestNG.java:1037)
at org.testng.remote.AbstractRemoteTestNG.run(AbstractRemoteTestNG.java:115)
at org.testng.remote.RemoteTestNG.initAndRun(RemoteTestNG.java:251)
at org.testng.remote.RemoteTestNG.main(RemoteTestNG.java:77)
]]>
            </full-stacktrace>
          </exception> <!-- java.lang.AssertionError -->
          <reporter-output>
            <line>
              <![CDATA[AddProductToCartTest has started]]>
            </line>
            <line>
              <![CDATA[AddProductToCartTest has FAILED]]>
            </line>
          </reporter-output>
        </test-method> <!-- AddProductToCartTest -->
        <test-method status="SKIP" signature="ValidateProductDetailsTest()[pri:0, instance:Appium.Assignment.AddProductToCart@74a10858]" name="ValidateProductDetailsTest" duration-ms="0" started-at="2020-09-20T15:58:40 IST" depends-on-methods="Appium.Assignment.AddProductToCart.AddProductToCartTest" finished-at="2020-09-20T15:58:40 IST">
          <exception class="java.lang.Throwable">
            <message>
              <![CDATA[Method AddProductToCart.ValidateProductDetailsTest()[pri:0, instance:Appium.Assignment.AddProductToCart@74a10858] depends on not successfully finished methods]]>
            </message>
            <full-stacktrace>
              <![CDATA[java.lang.Throwable: Method AddProductToCart.ValidateProductDetailsTest()[pri:0, instance:Appium.Assignment.AddProductToCart@74a10858] depends on not successfully finished methods
at org.testng.internal.TestInvoker.invokeTestMethods(TestInvoker.java:102)
at org.testng.internal.TestMethodWorker.invokeTestMethods(TestMethodWorker.java:146)
at org.testng.internal.TestMethodWorker.run(TestMethodWorker.java:128)
at java.util.ArrayList.forEach(ArrayList.java:1259)
at org.testng.TestRunner.privateRun(TestRunner.java:764)
at org.testng.TestRunner.run(TestRunner.java:585)
at org.testng.SuiteRunner.runTest(SuiteRunner.java:384)
at org.testng.SuiteRunner.runSequentially(SuiteRunner.java:378)
at org.testng.SuiteRunner.privateRun(SuiteRunner.java:337)
at org.testng.SuiteRunner.run(SuiteRunner.java:286)
at org.testng.SuiteRunnerWorker.runSuite(SuiteRunnerWorker.java:53)
at org.testng.SuiteRunnerWorker.run(SuiteRunnerWorker.java:96)
at org.testng.TestNG.runSuitesSequentially(TestNG.java:1218)
at org.testng.TestNG.runSuitesLocally(TestNG.java:1140)
at org.testng.TestNG.runSuites(TestNG.java:1069)
at org.testng.TestNG.run(TestNG.java:1037)
at org.testng.remote.AbstractRemoteTestNG.run(AbstractRemoteTestNG.java:115)
at org.testng.remote.RemoteTestNG.initAndRun(RemoteTestNG.java:251)
at org.testng.remote.RemoteTestNG.main(RemoteTestNG.java:77)
]]>
            </full-stacktrace>
          </exception> <!-- java.lang.Throwable -->
          <reporter-output>
            <line>
              <![CDATA[ValidateProductDetailsTest has been SKIPPED]]>
            </line>
          </reporter-output>
        </test-method> <!-- ValidateProductDetailsTest -->
        <test-method status="PASS" signature="killService()[pri:0, instance:Appium.Assignment.AddProductToCart@74a10858]" name="killService" is-config="true" duration-ms="111" started-at="2020-09-20T15:58:40 IST" finished-at="2020-09-20T15:58:40 IST">
          <reporter-output>
          </reporter-output>
        </test-method> <!-- killService -->
      </class> <!-- Appium.Assignment.AddProductToCart -->
      <class name="Appium.Assignment.SignOut">
        <test-method status="PASS" signature="DriverInitializer()[pri:0, instance:Appium.Assignment.SignOut@23fe1d71]" name="DriverInitializer" is-config="true" duration-ms="53191" started-at="2020-09-20T15:58:40 IST" finished-at="2020-09-20T15:59:34 IST">
          <reporter-output>
          </reporter-output>
        </test-method> <!-- DriverInitializer -->
        <test-method status="FAIL" signature="SignOutTest()[pri:0, instance:Appium.Assignment.SignOut@23fe1d71]" name="SignOutTest" duration-ms="30295" started-at="2020-09-20T15:59:34 IST" finished-at="2020-09-20T16:00:04 IST">
          <exception class="org.openqa.selenium.NoSuchElementException">
            <message>
              <![CDATA[Can't locate an element by this strategy: By.chained({By.id: in.amazon.mShop.android.shopping:id/chrome_action_bar_burger_icon})]]>
            </message>
            <full-stacktrace>
              <![CDATA[org.openqa.selenium.NoSuchElementException: Can't locate an element by this strategy: By.chained({By.id: in.amazon.mShop.android.shopping:id/chrome_action_bar_burger_icon})
at io.appium.java_client.pagefactory.AppiumElementLocator.findElement(AppiumElementLocator.java:126)
at io.appium.java_client.pagefactory.interceptors.InterceptorOfASingleElement.intercept(InterceptorOfASingleElement.java:59)
at io.appium.java_client.android.AndroidElement$$EnhancerByCGLIB$$b598166c.click(<generated>)
at Appium.Assignment.SignOut.SignOutTest(SignOut.java:43)
at sun.reflect.NativeMethodAccessorImpl.invoke0(Native Method)
at sun.reflect.NativeMethodAccessorImpl.invoke(NativeMethodAccessorImpl.java:62)
at sun.reflect.DelegatingMethodAccessorImpl.invoke(DelegatingMethodAccessorImpl.java:43)
at java.lang.reflect.Method.invoke(Method.java:498)
at org.testng.internal.MethodInvocationHelper.invokeMethod(MethodInvocationHelper.java:132)
at org.testng.internal.TestInvoker.invokeMethod(TestInvoker.java:599)
at org.testng.internal.TestInvoker.invokeTestMethod(TestInvoker.java:174)
at org.testng.internal.MethodRunner.runInSequence(MethodRunner.java:46)
at org.testng.internal.TestInvoker$MethodInvocationAgent.invoke(TestInvoker.java:822)
at org.testng.internal.TestInvoker.invokeTestMethods(TestInvoker.java:147)
at org.testng.internal.TestMethodWorker.invokeTestMethods(TestMethodWorker.java:146)
at org.testng.internal.TestMethodWorker.run(TestMethodWorker.java:128)
at java.util.ArrayList.forEach(ArrayList.java:1259)
at org.testng.TestRunner.privateRun(TestRunner.java:764)
at org.testng.TestRunner.run(TestRunner.java:585)
at org.testng.SuiteRunner.runTest(SuiteRunner.java:384)
at org.testng.SuiteRunner.runSequentially(SuiteRunner.java:378)
at org.testng.SuiteRunner.privateRun(SuiteRunner.java:337)
at org.testng.SuiteRunner.run(SuiteRunner.java:286)
at org.testng.SuiteRunnerWorker.runSuite(SuiteRunnerWorker.java:53)
at org.testng.SuiteRunnerWorker.run(SuiteRunnerWorker.java:96)
at org.testng.TestNG.runSuitesSequentially(TestNG.java:1218)
at org.testng.TestNG.runSuitesLocally(TestNG.java:1140)
at org.testng.TestNG.runSuites(TestNG.java:1069)
at org.testng.TestNG.run(TestNG.java:1037)
at org.testng.remote.AbstractRemoteTestNG.run(AbstractRemoteTestNG.java:115)
at org.testng.remote.RemoteTestNG.initAndRun(RemoteTestNG.java:251)
at org.testng.remote.RemoteTestNG.main(RemoteTestNG.java:77)
Caused by: org.openqa.selenium.TimeoutException: Expected condition failed: waiting for io.appium.java_client.pagefactory.AppiumElementLocator$WaitingFunction@19fb8826 (tried for 1 second(s) with 500 milliseconds interval)
at org.openqa.selenium.support.ui.FluentWait.timeoutException(FluentWait.java:304)
at org.openqa.selenium.support.ui.FluentWait.until(FluentWait.java:272)
at io.appium.java_client.pagefactory.AppiumElementLocator.waitFor(AppiumElementLocator.java:99)
at io.appium.java_client.pagefactory.AppiumElementLocator.findElement(AppiumElementLocator.java:119)
... 31 more
Caused by: org.openqa.selenium.NoSuchElementException: Cannot locate an element using By.chained({By.id: in.amazon.mShop.android.shopping:id/chrome_action_bar_burger_icon})
For documentation on this error, please visit: https://www.seleniumhq.org/exceptions/no_such_element.html
Build info: version: '3.141.59', revision: 'e82be7d358', time: '2018-11-14T08:17:03'
System info: host: 'DESKTOP-7PFC2E7', ip: '192.168.1.103', os.name: 'Windows 10', os.arch: 'amd64', os.version: '10.0', java.version: '1.8.0_261'
Driver info: driver.version: AndroidDriver
at io.appium.java_client.pagefactory.bys.builder.ByChained.findElement(ByChained.java:74)
at org.openqa.selenium.remote.RemoteWebDriver.findElement(RemoteWebDriver.java:315)
at io.appium.java_client.DefaultGenericMobileDriver.findElement(DefaultGenericMobileDriver.java:57)
at io.appium.java_client.AppiumDriver.findElement(AppiumDriver.java:1)
at io.appium.java_client.android.AndroidDriver.findElement(AndroidDriver.java:1)
at io.appium.java_client.pagefactory.bys.ContentMappedBy.findElement(ContentMappedBy.java:50)
at org.openqa.selenium.remote.RemoteWebDriver.findElement(RemoteWebDriver.java:315)
at io.appium.java_client.DefaultGenericMobileDriver.findElement(DefaultGenericMobileDriver.java:57)
at io.appium.java_client.AppiumDriver.findElement(AppiumDriver.java:1)
at io.appium.java_client.android.AndroidDriver.findElement(AndroidDriver.java:1)
at io.appium.java_client.pagefactory.AppiumElementLocator.lambda$0(AppiumElementLocator.java:120)
at io.appium.java_client.pagefactory.AppiumElementLocator$WaitingFunction.apply(AppiumElementLocator.java:172)
at io.appium.java_client.pagefactory.AppiumElementLocator$WaitingFunction.apply(AppiumElementLocator.java:1)
at org.openqa.selenium.support.ui.FluentWait.until(FluentWait.java:249)
... 33 more
]]>
            </full-stacktrace>
          </exception> <!-- org.openqa.selenium.NoSuchElementException -->
          <reporter-output>
            <line>
              <![CDATA[SignOutTest has started]]>
            </line>
            <line>
              <![CDATA[SignOutTest has FAILED]]>
            </line>
          </reporter-output>
        </test-method> <!-- SignOutTest -->
        <test-method status="PASS" signature="killService()[pri:0, instance:Appium.Assignment.SignOut@23fe1d71]" name="killService" is-config="true" duration-ms="102" started-at="2020-09-20T16:00:10 IST" finished-at="2020-09-20T16:00:11 IST">
          <reporter-output>
          </reporter-output>
        </test-method> <!-- killService -->
      </class> <!-- Appium.Assignment.SignOut -->
    </test> <!-- Test -->
  </suite> <!-- Suite -->
</testng-results>
